[2015-11-08 19:14:23] START
[2015-11-08 19:35:29] EDIT personas/models/db.py: 12
[2015-11-08 19:36:34] EDIT personas/models/db.py: 0
[2015-11-08 19:36:44] EDIT personas/models/db.py: 0
[2015-11-08 19:37:50] EDIT personas/models/db.py: 0
[2015-11-08 19:38:03] EDIT personas/models/db.py: 0
[2015-11-08 21:09:14] EDIT personas/views/personas.html: 0
[2015-11-08 21:09:18] EDIT personas/controllers/personas.py: 0
[2015-11-08 21:10:30] DELETE personas/views/personas.html: -3
[2015-11-08 21:14:57] EDIT personas/controllers/personas.py: 0
[2015-11-08 21:18:19] EDIT personas/controllers/personas.py: 0
[2015-11-08 21:18:29] EDIT personas/controllers/personas.py: 0
[2015-11-08 21:19:44] EDIT personas/controllers/personas.py: 2
[2015-11-08 21:19:51] EDIT personas/controllers/personas.py: 0
[2015-11-08 21:21:19] EDIT personas/views/personas/index.html: 1
[2015-11-08 21:21:46] EDIT personas/controllers/personas.py: 0
[2015-11-08 21:22:00] EDIT personas/controllers/personas.py: 0
[2015-11-08 21:22:05] EDIT personas/controllers/personas.py: 0
[2015-11-08 21:22:32] EDIT personas/views/personas/index.html: 0
[2015-11-08 21:22:53] EDIT personas/controllers/personas.py: 0
[2015-11-08 21:23:07] EDIT personas/controllers/personas.py: 0
[2015-11-08 21:23:19] EDIT personas/controllers/personas.py: 0
[2015-11-08 21:23:26] EDIT personas/controllers/personas.py: 0
[2015-11-08 21:23:32] EDIT personas/controllers/personas.py: 0
[2015-11-08 21:23:36] EDIT personas/controllers/personas.py: 0
[2015-11-08 21:26:38] EDIT personas/controllers/personas.py: 1
[2015-11-08 21:28:12] EDIT personas/controllers/personas.py: 0
[2015-11-08 21:28:19] EDIT personas/controllers/personas.py: 0
[2015-11-08 21:29:10] EDIT personas/controllers/personas.py: 0
[2015-11-08 21:29:17] EDIT personas/controllers/personas.py: 0
[2015-11-08 21:29:36] EDIT personas/controllers/personas.py: 0
[2015-11-08 21:30:25] EDIT personas/controllers/personas.py: 0
[2015-11-08 21:31:40] EDIT personas/controllers/personas.py: -1
[2015-11-08 21:31:56] EDIT personas/controllers/personas.py: 0
[2015-11-08 21:32:16] EDIT personas/controllers/personas.py: 0
[2015-11-08 21:32:23] EDIT personas/controllers/personas.py: 0
[2015-11-08 21:32:38] EDIT personas/controllers/personas.py: 0
[2015-11-08 21:32:54] EDIT personas/controllers/personas.py: 0
[2015-11-08 21:33:37] EDIT personas/views/personas/index.html: 1
[2015-11-08 21:33:52] EDIT personas/controllers/personas.py: 0
[2015-11-08 21:34:07] EDIT personas/controllers/personas.py: 0
[2015-11-08 21:37:19] EDIT personas/views/personas/index.html: 5
[2015-11-08 21:37:57] EDIT personas/views/personas/index.html: 0
[2015-11-08 21:38:51] EDIT personas/views/personas/index.html: -2
[2015-11-08 21:39:23] EDIT personas/views/personas/index.html: 0
[2015-11-08 21:41:09] EDIT personas/views/personas/index.html: 0
[2015-11-08 21:41:39] EDIT personas/views/personas/index.html: 0
[2015-11-08 21:42:57] EDIT personas/views/personas/index.html: 0
[2015-11-08 21:43:17] EDIT personas/views/personas/index.html: 0
[2015-11-08 21:44:09] EDIT personas/views/personas/index.html: 0
[2015-11-08 21:44:34] EDIT personas/views/personas/index.html: -1
[2015-11-08 21:45:29] EDIT personas/controllers/personas.py: 0
[2015-11-08 21:45:43] EDIT personas/controllers/personas.py: 0
[2015-11-08 21:47:04] EDIT personas/views/personas/index.html: 0
[2015-11-08 21:48:05] EDIT personas/views/personas/index.html: 0
[2015-11-08 21:48:25] EDIT personas/views/personas/index.html: -2
[2015-11-08 21:48:39] EDIT personas/views/personas/index.html: 0
[2015-11-08 22:01:08] EDIT personas/controllers/personas.py: 2
[2015-11-08 22:02:57] EDIT personas/controllers/personas.py: 4
[2015-11-08 22:03:45] EDIT personas/views/personas/listas_personas.html: 0
[2015-11-08 22:04:52] EDIT personas/views/personas/listas_personas.html: 31
[2015-11-08 22:05:23] EDIT personas/views/personas/listas_personas.html: 0
[2015-11-08 22:09:17] EDIT personas/controllers/personas.py: 2
[2015-11-08 22:10:41] EDIT personas/controllers/personas.py: 0
[2015-11-08 22:11:28] EDIT personas/controllers/personas.py: 0
[2015-11-09 00:43:12] EDIT personas/controllers/personas.py: 0
[2015-11-09 00:57:49] EDIT personas/controllers/personas.py: 0
[2015-11-09 02:34:57] EDIT personas/controllers/personas.py: -2
[2015-11-09 02:35:37] DELETE personas/views/personas/cargar_personas.html: -3
[2015-11-09 02:39:25] UPLOAD /root/web2py/web2py/applications/personas/modules/web2py.plugin.powertable.w2p.py: 746
[2015-11-09 02:40:23] DELETE personas/modules/web2py.plugin.powertable.w2p.py: -746
[2015-11-09 02:48:09] EDIT personas/controllers/personas.py: 0
[2015-11-09 02:48:24] EDIT personas/controllers/personas.py: 1
[2015-11-09 02:48:39] EDIT personas/controllers/personas.py: 0
[2015-11-09 02:49:40] EDIT personas/views/personas/listas_personas.html: -32
[2015-11-09 02:53:02] EDIT personas/views/personas/listas_personas.html: 0
[2015-11-09 03:43:38] EDIT personas/controllers/personas.py: 3
[2015-11-09 03:44:38] EDIT personas/controllers/personas.py: 0
[2015-11-09 03:45:12] EDIT personas/controllers/personas.py: 0
[2015-11-09 03:45:23] EDIT personas/controllers/personas.py: 0
[2015-11-09 03:47:17] EDIT personas/controllers/personas.py: 0
[2015-11-09 03:47:29] EDIT personas/controllers/personas.py: 0
[2015-11-09 03:48:03] EDIT personas/views/personas/listas_personas.html: -1
[2015-11-09 03:48:04] EDIT personas/views/personas/listas_personas.html: 0
[2015-11-09 03:48:25] EDIT personas/views/personas/listas_personas.html: 1
[2015-11-09 03:49:42] EDIT personas/controllers/personas.py: 0
[2015-11-09 03:55:36] EDIT personas/controllers/personas.py: 0
[2015-11-09 03:55:45] EDIT personas/controllers/personas.py: 0
[2015-11-09 03:56:34] EDIT personas/controllers/personas.py: -1
[2015-11-09 03:59:51] EDIT personas/controllers/personas.py: 1
[2015-11-09 03:59:58] EDIT personas/controllers/personas.py: 0
[2015-11-09 04:03:01] EDIT personas/controllers/personas.py: 2
[2015-11-09 04:07:57] EDIT personas/controllers/personas.py: 1
[2015-11-09 04:08:04] EDIT personas/controllers/personas.py: 0
[2015-11-09 04:08:05] EDIT personas/controllers/personas.py: 0
[2015-11-09 04:08:06] EDIT personas/controllers/personas.py: 0
[2015-11-09 04:10:18] EDIT personas/controllers/personas.py: 2
[2015-11-09 04:13:05] EDIT personas/controllers/personas.py: 0
[2015-11-09 04:13:05] EDIT personas/controllers/personas.py: 0
[2015-11-09 04:13:12] EDIT personas/controllers/personas.py: 0
[2015-11-09 04:13:32] EDIT personas/controllers/personas.py: 0
[2015-11-09 04:13:43] EDIT personas/controllers/personas.py: 0
[2015-11-09 04:13:51] EDIT personas/controllers/personas.py: 0
[2015-11-09 04:14:42] EDIT personas/controllers/personas.py: 0
[2015-11-09 04:14:54] EDIT personas/controllers/personas.py: 0
[2015-11-09 04:15:44] EDIT personas/controllers/personas.py: -1
[2015-11-09 04:16:22] EDIT personas/controllers/personas.py: 0
[2015-11-09 04:16:54] EDIT personas/controllers/personas.py: 0
[2015-11-09 04:17:51] EDIT personas/controllers/personas.py: 0
[2015-11-09 04:18:37] EDIT personas/controllers/personas.py: 0
[2015-11-09 04:18:50] EDIT personas/controllers/personas.py: 0
[2015-11-09 04:18:51] EDIT personas/controllers/personas.py: 0
[2015-11-09 04:18:51] EDIT personas/controllers/personas.py: 0
[2015-11-09 04:18:51] EDIT personas/controllers/personas.py: 0
[2015-11-09 04:18:51] EDIT personas/controllers/personas.py: 0
[2015-11-09 04:18:51] EDIT personas/controllers/personas.py: 0
[2015-11-09 04:18:57] EDIT personas/controllers/personas.py: 0
[2015-11-09 04:18:57] EDIT personas/controllers/personas.py: 0
[2015-11-09 04:18:58] EDIT personas/controllers/personas.py: 0
[2015-11-09 04:18:58] EDIT personas/controllers/personas.py: 0
[2015-11-09 04:18:58] EDIT personas/controllers/personas.py: 0
[2015-11-09 04:18:58] EDIT personas/controllers/personas.py: 0
[2015-11-09 20:15:08] EDIT personas/controllers/default.py: 16
[2015-11-09 20:15:32] EDIT personas/controllers/default.py: -7
[2015-11-09 20:16:47] EDIT personas/views/default/index.html: -43
[2015-11-09 20:17:52] EDIT personas/controllers/default.py: -1
[2015-11-09 20:18:35] EDIT personas/controllers/default.py: 0
[2015-11-10 00:02:09] EDIT personas/controllers/personas.py: 1
[2015-11-10 00:05:12] EDIT personas/controllers/personas.py: 0
[2015-11-10 00:06:05] EDIT personas/views/personas/index.html: -8
[2015-11-10 00:06:28] EDIT personas/views/personas/index.html: -26
[2015-11-10 00:07:38] EDIT personas/views/personas/index.html: 0
[2015-11-10 00:07:47] EDIT personas/views/personas/index.html: 0
[2015-11-10 00:08:20] EDIT personas/views/personas/index.html: 0
[2015-11-10 00:08:52] EDIT personas/views/personas/index.html: 0
[2015-11-10 00:09:17] EDIT personas/views/personas/index.html: 0
